[ERROR] /Users/daniel/Documents/njit/WPI-Research/experiments-live/table-wrapper-csv-impl-wpi/src/main/java/org/spacious_team/table_wrapper/csv/CsvTableRow.java:[47,19] error: [return] incompatible types in return.
  type of expression: null (NullType)
  method return type: @Initialized @NonNull TableCell
[ERROR] /Users/daniel/Documents/njit/WPI-Research/experiments-live/table-wrapper-csv-impl-wpi/src/main/java/org/spacious_team/table_wrapper/csv/CsvTableRow.java:[58,44] error: [conditional] incompatible types in conditional expression.
  found   : null (NullType)
  required: @Initialized @NonNull String
[ERROR] /Users/daniel/Documents/njit/WPI-Research/experiments-live/table-wrapper-csv-impl-wpi/src/main/java/org/spacious_team/table_wrapper/csv/CsvTableCell.java:[40,85] error: [conditional] incompatible types in conditional expression.
  found   : null (NullType)
  required: @Initialized @NonNull String
[ERROR] /Users/daniel/Documents/njit/WPI-Research/experiments-live/table-wrapper-csv-impl-wpi/src/main/java/org/spacious_team/table_wrapper/csv/CsvCellDataAccessObject.java:[35,37] error: [conditional] incompatible types in conditional expression.
  found   : null (NullType)
  required: @Initialized @NonNull String
[ERROR] /Users/daniel/Documents/njit/WPI-Research/experiments-live/table-wrapper-csv-impl-wpi/src/main/java/org/spacious_team/table_wrapper/csv/CsvReportPage.java:[89,45] error: [conditional] incompatible types in conditional expression.
  found   : null (NullType)
  required: @Initialized @NonNull CsvTableRow
[ERROR] Failed to execute goal org.apache.maven.plugins:maven-compiler-plugin:3.10.1:compile (default-compile) on project table-wrapper-csv-impl: Compilation failure: Compilation failure: 
[ERROR] /Users/daniel/Documents/njit/WPI-Research/experiments-live/table-wrapper-csv-impl-wpi/src/main/java/org/spacious_team/table_wrapper/csv/CsvTableRow.java:[47,19] error: [return] incompatible types in return.
[ERROR]   type of expression: null (NullType)
[ERROR]   method return type: @Initialized @NonNull TableCell
[ERROR] /Users/daniel/Documents/njit/WPI-Research/experiments-live/table-wrapper-csv-impl-wpi/src/main/java/org/spacious_team/table_wrapper/csv/CsvTableRow.java:[58,44] error: [conditional] incompatible types in conditional expression.
[ERROR]   found   : null (NullType)
[ERROR]   required: @Initialized @NonNull String
[ERROR] /Users/daniel/Documents/njit/WPI-Research/experiments-live/table-wrapper-csv-impl-wpi/src/main/java/org/spacious_team/table_wrapper/csv/CsvTableCell.java:[40,85] error: [conditional] incompatible types in conditional expression.
[ERROR]   found   : null (NullType)
[ERROR]   required: @Initialized @NonNull String
[ERROR] /Users/daniel/Documents/njit/WPI-Research/experiments-live/table-wrapper-csv-impl-wpi/src/main/java/org/spacious_team/table_wrapper/csv/CsvCellDataAccessObject.java:[35,37] error: [conditional] incompatible types in conditional expression.
[ERROR]   found   : null (NullType)
[ERROR]   required: @Initialized @NonNull String
[ERROR] /Users/daniel/Documents/njit/WPI-Research/experiments-live/table-wrapper-csv-impl-wpi/src/main/java/org/spacious_team/table_wrapper/csv/CsvReportPage.java:[89,45] error: [conditional] incompatible types in conditional expression.
[ERROR]   found   : null (NullType)
[ERROR]   required: @Initialized @NonNull CsvTableRow
[ERROR] -> [Help 1]
[ERROR] 
[ERROR] To see the full stack trace of the errors, re-run Maven with the -e switch.
[ERROR] Re-run Maven using the -X switch to enable full debug logging.
[ERROR] 
[ERROR] For more information about the errors and possible solutions, please read the following articles:
[ERROR] [Help 1] http://cwiki.apache.org/confluence/display/MAVEN/MojoFailureException
